<?xml version="1.0" encoding="UTF-8"?>
<testng-results skipped="0" failed="0" total="1" passed="1">
  <reporter-output>
  </reporter-output>
  <suite name="Default suite" duration-ms="7406" started-at="2015-08-05T06:58:14Z" finished-at="2015-08-05T06:58:22Z">
    <groups>
    </groups>
    <test name="Default test" duration-ms="7406" started-at="2015-08-05T06:58:14Z" finished-at="2015-08-05T06:58:22Z">
      <class name="com.example.tests.TestContactCreation">
        <test-method status="PASS" signature="setUp(java.lang.String)[pri:0, instance:com.example.tests.TestContactCreation@c39f790]" name="setUp" is-config="true" duration-ms="54" started-at="2015-08-05T09:58:14Z" finished-at="2015-08-05T09:58:14Z">
          <params>
            <param index="0">
              <value is-null="true"/>
            </param>
          </params>
          <reporter-output>
          </reporter-output>
        </test-method> <!-- setUp -->
        <test-method status="PASS" signature="shouldCreateContactWithValidData()[pri:0, instance:com.example.tests.TestContactCreation@c39f790]" name="shouldCreateContactWithValidData" duration-ms="7310" started-at="2015-08-05T09:58:14Z" finished-at="2015-08-05T09:58:22Z">
          <reporter-output>
          </reporter-output>
        </test-method> <!-- shouldCreateContactWithValidData -->
        <test-method status="PASS" signature="tearDown()[pri:0, instance:com.example.tests.TestContactCreation@c39f790]" name="tearDown" is-config="true" duration-ms="5" started-at="2015-08-05T09:58:22Z" finished-at="2015-08-05T09:58:22Z">
          <reporter-output>
          </reporter-output>
        </test-method> <!-- tearDown -->
      </class> <!-- com.example.tests.TestContactCreation -->
    </test> <!-- Default test -->
  </suite> <!-- Default suite -->
</testng-results>
